This file contains any messages produced by compilers while
running configure, to aid debugging if configure makes a mistake.

It was created by GNU Smalltalk configure 3.2.5, which was
generated by GNU Autoconf 2.69.  Invocation command line was

  $ ./configure 

## --------- ##
## Platform. ##
## --------- ##

hostname = DylanMelnick
uname -m = x86_64
uname -r = 6.6.87.2-microsoft-standard-WSL2
uname -s = Linux
uname -v = #1 SMP PREEMPT_DYNAMIC Thu Jun  5 18:30:46 UTC 2025

/usr/bin/uname -p = x86_64
/bin/uname -X     = unknown

/bin/arch              = x86_64
/usr/bin/arch -k       = unknown
/usr/convex/getsysinfo = unknown
/usr/bin/hostinfo      = unknown
/bin/machine           = unknown
/usr/bin/oslevel       = unknown
/bin/universe          = unknown

PATH: /home/linuxbrew/.linuxbrew/bin
PATH: /home/linuxbrew/.linuxbrew/sbin
PATH: /home/dylan/.vscode-server/bin/ce099c1ed25d9eb3076c11e4a280f3eb52b4fbeb/bin/remote-cli
PATH: /home/linuxbrew/.linuxbrew/bin
PATH: /home/linuxbrew/.linuxbrew/sbin
PATH: /usr/local/sbin
PATH: /usr/local/bin
PATH: /usr/sbin
PATH: /usr/bin
PATH: /sbin
PATH: /bin
PATH: /usr/games
PATH: /usr/local/games
PATH: /usr/lib/wsl/lib
PATH: /mnt/c/Users/dylan/AppData/Local/Programs/Microsoft VS Code
PATH: /mnt/c/Program Files/Java/jdk-17/bin
PATH: /mnt/c/Program Files (x86)/Microchip/mplabc30/v3.31/bin
PATH: /mnt/c/Program Files (x86)/Common Files/Oracle/Java/javapath
PATH: /mnt/c/WINDOWS/system32
PATH: /mnt/c/WINDOWS
PATH: /mnt/c/WINDOWS/System32/Wbem
PATH: /mnt/c/WINDOWS/System32/WindowsPowerShell/v1.0/
PATH: /mnt/c/WINDOWS/System32/OpenSSH/
PATH: /mnt/c/Program Files/PuTTY/
PATH: /mnt/c/Program Files/HP/HP One Agent
PATH: /mnt/c/Program Files (x86)/Microchip/MPLAB C32 Suite/bin
PATH: /mnt/c/WINDOWS/system32
PATH: /mnt/c/WINDOWS
PATH: /mnt/c/WINDOWS/System32/Wbem
PATH: /mnt/c/WINDOWS/System32/WindowsPowerShell/v1.0/
PATH: /mnt/c/WINDOWS/System32/OpenSSH/
PATH: /mnt/c/Program Files/MongoDB/Server/8.0/bin
PATH: /mnt/c/Program Files/mongosh-2.4.2-win32-x64/bin
PATH: /mnt/c/Program Files/mongodb-database-tools-windows-x86_64-100.11.0/bin
PATH: /mnt/c/Program Files (x86)/Microsoft SQL Server/160/Tools/Binn/
PATH: /mnt/c/Program Files/Microsoft SQL Server/160/Tools/Binn/
PATH: /mnt/c/Program Files/Microsoft SQL Server/Client SDK/ODBC/170/Tools/Binn/
PATH: /mnt/c/Program Files/Microsoft SQL Server/160/DTS/Binn/
PATH: /mnt/c/Program Files/Microsoft SQL Server/150/Tools/Binn/
PATH: /mnt/c/Program Files/dotnet/
PATH: /mnt/c/Program Files (x86)/Windows Kits/10/Windows Performance Toolkit/
PATH: /mnt/c/Program Files/Go/bin
PATH: /mnt/c/Program Files/nodejs/
PATH: /mnt/c/Program Files/MATLAB/R2023b/bin
PATH: /mnt/c/Program Files/Go/bin
PATH: /mnt/c/Users/dylan/AppData/Local/Microsoft/WindowsApps
PATH: /mnt/c/Users/dylan/AppData/Local/Programs/Microsoft VS Code/bin
PATH: /mnt/c/intelFPGA_lite/20.1/modelsim_ase/win32aloem
PATH: /mnt/c/Users/dylan/AppData/Local/GitHubDesktop/bin
PATH: /mnt/c/Users/dylan/.dotnet/tools
PATH: /mnt/c/Users/dylan/go/bin
PATH: /mnt/c/Users/dylan/AppData/Roaming/npm
PATH: /home/dylan/.vscode-server/extensions/ms-python.debugpy-2025.18.0-linux-x64/bundled/scripts/noConfigScripts


## ----------- ##
## Core tests. ##
## ----------- ##

configure:3041: checking for gawk
configure:3057: found /usr/bin/gawk
configure:3068: result: gawk
configure:3102: checking for a BSD-compatible install
configure:3170: result: /usr/bin/install -c
configure:3181: checking whether build environment is sane
configure:3231: result: yes
configure:3372: checking for a thread-safe mkdir -p
configure:3411: result: /usr/bin/mkdir -p
configure:3424: checking for gawk
configure:3451: result: gawk
configure:3462: checking whether make sets $(MAKE)
configure:3484: result: yes
configure:3568: checking build system type
configure:3582: result: x86_64-unknown-linux-gnu
configure:3602: checking host system type
configure:3615: result: x86_64-unknown-linux-gnu
configure:3710: checking for style of include used by make
configure:3738: result: GNU
configure:3809: checking for gcc
configure:3825: found /usr/bin/gcc
configure:3836: result: gcc
configure:4065: checking for C compiler version
configure:4074: gcc --version >&5
gcc (Ubuntu 13.3.0-6ubuntu2~24.04.1) 13.3.0
Copyright (C) 2023 Free Software Foundation, Inc.
This is free software; see the source for copying conditions.  There is NO
warranty; not even for MERCHANTABILITY or FITNESS FOR A PARTICULAR PURPOSE.

configure:4085: $? = 0
configure:4074: gcc -v >&5
Using built-in specs.
COLLECT_GCC=gcc
COLLECT_LTO_WRAPPER=/usr/libexec/gcc/x86_64-linux-gnu/13/lto-wrapper
OFFLOAD_TARGET_NAMES=nvptx-none:amdgcn-amdhsa
OFFLOAD_TARGET_DEFAULT=1
Target: x86_64-linux-gnu
Configured with: ../src/configure -v --with-pkgversion='Ubuntu 13.3.0-6ubuntu2~24.04.1' --with-bugurl=file:///usr/share/doc/gcc-13/README.Bugs --enable-languages=c,ada,c++,go,d,fortran,objc,obj-c++,m2 --prefix=/usr --with-gcc-major-version-only --program-suffix=-13 --program-prefix=x86_64-linux-gnu- --enable-shared --enable-linker-build-id --libexecdir=/usr/libexec --without-included-gettext --enable-threads=posix --libdir=/usr/lib --enable-nls --enable-bootstrap --enable-clocale=gnu --enable-libstdcxx-debug --enable-libstdcxx-time=yes --with-default-libstdcxx-abi=new --enable-libstdcxx-backtrace --enable-gnu-unique-object --disable-vtable-verify --enable-plugin --enable-default-pie --with-system-zlib --enable-libphobos-checking=release --with-target-system-zlib=auto --enable-objc-gc=auto --enable-multiarch --disable-werror --enable-cet --with-arch-32=i686 --with-abi=m64 --with-multilib-list=m32,m64,mx32 --enable-multilib --with-tune=generic --enable-offload-targets=nvptx-none=/build/gcc-13-EldibY/gcc-13-13.3.0/debian/tmp-nvptx/usr,amdgcn-amdhsa=/build/gcc-13-EldibY/gcc-13-13.3.0/debian/tmp-gcn/usr --enable-offload-defaulted --without-cuda-driver --enable-checking=release --build=x86_64-linux-gnu --host=x86_64-linux-gnu --target=x86_64-linux-gnu --with-build-config=bootstrap-lto-lean --enable-link-serialization=2
Thread model: posix
Supported LTO compression algorithms: zlib zstd
gcc version 13.3.0 (Ubuntu 13.3.0-6ubuntu2~24.04.1) 
... rest of stderr output deleted ...
configure:4085: $? = 0
configure:4074: gcc -V >&5
gcc: error: unrecognized command-line option '-V'
gcc: fatal error: no input files
compilation terminated.
configure:4085: $? = 1
configure:4074: gcc -qversion >&5
gcc: error: unrecognized command-line option '-qversion'; did you mean '--version'?
gcc: fatal error: no input files
compilation terminated.
configure:4085: $? = 1
configure:4105: checking whether the C compiler works
configure:4127: gcc -fno-pie -no-pie  -no-pie conftest.c  >&5
configure:4131: $? = 0
configure:4179: result: yes
configure:4182: checking for C compiler default output file name
configure:4184: result: a.out
configure:4190: checking for suffix of executables
configure:4197: gcc -o conftest -fno-pie -no-pie  -no-pie conftest.c  >&5
configure:4201: $? = 0
configure:4223: result: 
configure:4245: checking whether we are cross compiling
configure:4253: gcc -o conftest -fno-pie -no-pie  -no-pie conftest.c  >&5
configure:4257: $? = 0
configure:4264: ./conftest
configure:4268: $? = 0
configure:4283: result: no
configure:4288: checking for suffix of object files
configure:4310: gcc -c -fno-pie -no-pie  conftest.c >&5
configure:4314: $? = 0
configure:4335: result: o
configure:4339: checking whether we are using the GNU C compiler
configure:4358: gcc -c -fno-pie -no-pie  conftest.c >&5
configure:4358: $? = 0
configure:4367: result: yes
configure:4376: checking whether gcc accepts -g
configure:4396: gcc -c -g  conftest.c >&5
configure:4396: $? = 0
configure:4437: result: yes
configure:4454: checking for gcc option to accept ISO C89
configure:4517: gcc  -c -fno-pie -no-pie  conftest.c >&5
configure:4517: $? = 0
configure:4530: result: none needed
configure:4552: checking dependency style of gcc
configure:4663: result: gcc3
configure:4683: checking how to run the C preprocessor
configure:4714: gcc -E  conftest.c
configure:4714: $? = 0
configure:4728: gcc -E  conftest.c
conftest.c:16:10: fatal error: ac_nonexistent.h: No such file or directory
   16 | #include <ac_nonexistent.h>
      |          ^~~~~~~~~~~~~~~~~~
compilation terminated.
configure:4728: $? = 1
configure: failed program was:
| /* confdefs.h */
| #define PACKAGE_NAME "GNU Smalltalk"
| #define PACKAGE_TARNAME "smalltalk"
| #define PACKAGE_VERSION "3.2.5"
| #define PACKAGE_STRING "GNU Smalltalk 3.2.5"
| #define PACKAGE_BUGREPORT "help-smalltalk@gnu.org"
| #define PACKAGE_URL "http://smalltalk.gnu.org/"
| #define ST_MAJOR_VERSION 3
| #define ST_MINOR_VERSION 2
| #define ST_EDIT_VERSION 5
| #define MAINTAINER "bonzini@gnu.org"
| #define PACKAGE "smalltalk"
| #define VERSION "3.2.5"
| #define PACKAGE_GIT_REVISION ""
| /* end confdefs.h.  */
| #include <ac_nonexistent.h>
configure:4753: result: gcc -E
configure:4773: gcc -E  conftest.c
configure:4773: $? = 0
configure:4787: gcc -E  conftest.c
conftest.c:16:10: fatal error: ac_nonexistent.h: No such file or directory
   16 | #include <ac_nonexistent.h>
      |          ^~~~~~~~~~~~~~~~~~
compilation terminated.
configure:4787: $? = 1
configure: failed program was:
| /* confdefs.h */
| #define PACKAGE_NAME "GNU Smalltalk"
| #define PACKAGE_TARNAME "smalltalk"
| #define PACKAGE_VERSION "3.2.5"
| #define PACKAGE_STRING "GNU Smalltalk 3.2.5"
| #define PACKAGE_BUGREPORT "help-smalltalk@gnu.org"
| #define PACKAGE_URL "http://smalltalk.gnu.org/"
| #define ST_MAJOR_VERSION 3
| #define ST_MINOR_VERSION 2
| #define ST_EDIT_VERSION 5
| #define MAINTAINER "bonzini@gnu.org"
| #define PACKAGE "smalltalk"
| #define VERSION "3.2.5"
| #define PACKAGE_GIT_REVISION ""
| /* end confdefs.h.  */
| #include <ac_nonexistent.h>
configure:4817: checking for grep that handles long lines and -e
configure:4875: result: /usr/bin/grep
configure:4880: checking for egrep
configure:4942: result: /usr/bin/grep -E
configure:4947: checking for ANSI C header files
configure:4967: gcc -c -fno-pie -no-pie  conftest.c >&5
configure:4967: $? = 0
configure:5040: gcc -o conftest -fno-pie -no-pie  -no-pie conftest.c  >&5
configure:5040: $? = 0
configure:5040: ./conftest
configure:5040: $? = 0
configure:5051: result: yes
configure:5064: checking for sys/types.h
configure:5064: gcc -c -fno-pie -no-pie  conftest.c >&5
configure:5064: $? = 0
configure:5064: result: yes
configure:5064: checking for sys/stat.h
configure:5064: gcc -c -fno-pie -no-pie  conftest.c >&5
configure:5064: $? = 0
configure:5064: result: yes
configure:5064: checking for stdlib.h
configure:5064: gcc -c -fno-pie -no-pie  conftest.c >&5
configure:5064: $? = 0
configure:5064: result: yes
configure:5064: checking for string.h
configure:5064: gcc -c -fno-pie -no-pie  conftest.c >&5
configure:5064: $? = 0
configure:5064: result: yes
configure:5064: checking for memory.h
configure:5064: gcc -c -fno-pie -no-pie  conftest.c >&5
configure:5064: $? = 0
configure:5064: result: yes
configure:5064: checking for strings.h
configure:5064: gcc -c -fno-pie -no-pie  conftest.c >&5
configure:5064: $? = 0
configure:5064: result: yes
configure:5064: checking for inttypes.h
configure:5064: gcc -c -fno-pie -no-pie  conftest.c >&5
configure:5064: $? = 0
configure:5064: result: yes
configure:5064: checking for stdint.h
configure:5064: gcc -c -fno-pie -no-pie  conftest.c >&5
configure:5064: $? = 0
configure:5064: result: yes
configure:5064: checking for unistd.h
configure:5064: gcc -c -fno-pie -no-pie  conftest.c >&5
configure:5064: $? = 0
configure:5064: result: yes
configure:5077: checking minix/config.h usability
configure:5077: gcc -c -fno-pie -no-pie  conftest.c >&5
conftest.c:59:10: fatal error: minix/config.h: No such file or directory
   59 | #include <minix/config.h>
      |          ^~~~~~~~~~~~~~~~
compilation terminated.
configure:5077: $? = 1
configure: failed program was:
| /* confdefs.h */
| #define PACKAGE_NAME "GNU Smalltalk"
| #define PACKAGE_TARNAME "smalltalk"
| #define PACKAGE_VERSION "3.2.5"
| #define PACKAGE_STRING "GNU Smalltalk 3.2.5"
| #define PACKAGE_BUGREPORT "help-smalltalk@gnu.org"
| #define PACKAGE_URL "http://smalltalk.gnu.org/"
| #define ST_MAJOR_VERSION 3
| #define ST_MINOR_VERSION 2
| #define ST_EDIT_VERSION 5
| #define MAINTAINER "bonzini@gnu.org"
| #define PACKAGE "smalltalk"
| #define VERSION "3.2.5"
| #define PACKAGE_GIT_REVISION ""
| #define STDC_HEADERS 1
| #define HAVE_SYS_TYPES_H 1
| #define HAVE_SYS_STAT_H 1
| #define HAVE_STDLIB_H 1
| #define HAVE_STRING_H 1
| #define HAVE_MEMORY_H 1
| #define HAVE_STRINGS_H 1
| #define HAVE_INTTYPES_H 1
| #define HAVE_STDINT_H 1
| #define HAVE_UNISTD_H 1
| /* end confdefs.h.  */
| #include <stdio.h>
| #ifdef HAVE_SYS_TYPES_H
| # include <sys/types.h>
| #endif
| #ifdef HAVE_SYS_STAT_H
| # include <sys/stat.h>
| #endif
| #ifdef STDC_HEADERS
| # include <stdlib.h>
| # include <stddef.h>
| #else
| # ifdef HAVE_STDLIB_H
| #  include <stdlib.h>
| # endif
| #endif
| #ifdef HAVE_STRING_H
| # if !defined STDC_HEADERS && defined HAVE_MEMORY_H
| #  include <memory.h>
| # endif
| # include <string.h>
| #endif
| #ifdef HAVE_STRINGS_H
| # include <strings.h>
| #endif
| #ifdef HAVE_INTTYPES_H
| # include <inttypes.h>
| #endif
| #ifdef HAVE_STDINT_H
| # include <stdint.h>
| #endif
| #ifdef HAVE_UNISTD_H
| # include <unistd.h>
| #endif
| #include <minix/config.h>
configure:5077: result: no
configure:5077: checking minix/config.h presence
configure:5077: gcc -E  conftest.c
conftest.c:26:10: fatal error: minix/config.h: No such file or directory
   26 | #include <minix/config.h>
      |          ^~~~~~~~~~~~~~~~
compilation terminated.
configure:5077: $? = 1
configure: failed program was:
| /* confdefs.h */
| #define PACKAGE_NAME "GNU Smalltalk"
| #define PACKAGE_TARNAME "smalltalk"
| #define PACKAGE_VERSION "3.2.5"
| #define PACKAGE_STRING "GNU Smalltalk 3.2.5"
| #define PACKAGE_BUGREPORT "help-smalltalk@gnu.org"
| #define PACKAGE_URL "http://smalltalk.gnu.org/"
| #define ST_MAJOR_VERSION 3
| #define ST_MINOR_VERSION 2
| #define ST_EDIT_VERSION 5
| #define MAINTAINER "bonzini@gnu.org"
| #define PACKAGE "smalltalk"
| #define VERSION "3.2.5"
| #define PACKAGE_GIT_REVISION ""
| #define STDC_HEADERS 1
| #define HAVE_SYS_TYPES_H 1
| #define HAVE_SYS_STAT_H 1
| #define HAVE_STDLIB_H 1
| #define HAVE_STRING_H 1
| #define HAVE_MEMORY_H 1
| #define HAVE_STRINGS_H 1
| #define HAVE_INTTYPES_H 1
| #define HAVE_STDINT_H 1
| #define HAVE_UNISTD_H 1
| /* end confdefs.h.  */
| #include <minix/config.h>
configure:5077: result: no
configure:5077: checking for minix/config.h
configure:5077: result: no
configure:5098: checking whether it is safe to define __EXTENSIONS__
configure:5116: gcc -c -fno-pie -no-pie  conftest.c >&5
configure:5116: $? = 0
configure:5123: result: yes
configure:5150: checking whether -fno-pie -no-pie produces any warnings
configure:5169: gcc -c -fno-pie -no-pie  conftest.c >&5
configure:5169: $? = 0
configure:5177: result: no
configure:5276: checking dependency style of gcc
configure:5385: result: gcc3
configure:5401: checking for a sed that does not truncate output
configure:5465: result: /usr/bin/sed
configure:5470: checking whether ln -s works
configure:5474: result: yes
configure:5481: checking whether ln works
configure:5499: result: yes
configure:5555: checking for pkg-config
configure:5573: found /usr/bin/pkg-config
configure:5585: result: /usr/bin/pkg-config
configure:5610: checking pkg-config is at least version 0.9.0
configure:5613: result: yes
configure:5668: checking for windres
configure:5701: result: no
configure:5722: checking for install-info
configure:5741: found /usr/bin/install-info
configure:5754: result: /usr/bin/install-info
configure:5764: checking for zip
configure:5795: result: no
configure:5805: checking for timeout
configure:5821: found /usr/bin/timeout
configure:5833: result: timeout 600s
configure:5842: error: Please install InfoZIP to use GNU Smalltalk.

## ---------------- ##
## Cache variables. ##
## ---------------- ##

ac_cv_build=x86_64-unknown-linux-gnu
ac_cv_c_compiler_gnu=yes
ac_cv_env_ATK_CFLAGS_set=
ac_cv_env_ATK_CFLAGS_value=
ac_cv_env_ATK_LIBS_set=
ac_cv_env_ATK_LIBS_value=
ac_cv_env_CAIRO_CFLAGS_set=
ac_cv_env_CAIRO_CFLAGS_value=
ac_cv_env_CAIRO_LIBS_set=
ac_cv_env_CAIRO_LIBS_value=
ac_cv_env_CC_set=
ac_cv_env_CC_value=
ac_cv_env_CFLAGS_set=set
ac_cv_env_CFLAGS_value='-fno-pie -no-pie'
ac_cv_env_CPPFLAGS_set=
ac_cv_env_CPPFLAGS_value=
ac_cv_env_CPP_set=
ac_cv_env_CPP_value=
ac_cv_env_EMACSLOADPATH_set=
ac_cv_env_EMACSLOADPATH_value=
ac_cv_env_EMACS_set=
ac_cv_env_EMACS_value=
ac_cv_env_GNUTLS_CFLAGS_set=
ac_cv_env_GNUTLS_CFLAGS_value=
ac_cv_env_GNUTLS_LIBS_set=
ac_cv_env_GNUTLS_LIBS_value=
ac_cv_env_GTHREAD_CFLAGS_set=
ac_cv_env_GTHREAD_CFLAGS_value=
ac_cv_env_GTHREAD_LIBS_set=
ac_cv_env_GTHREAD_LIBS_value=
ac_cv_env_LDFLAGS_set=set
ac_cv_env_LDFLAGS_value=-no-pie
ac_cv_env_LIBFFI_CFLAGS_set=
ac_cv_env_LIBFFI_CFLAGS_value=
ac_cv_env_LIBFFI_LIBS_set=
ac_cv_env_LIBFFI_LIBS_value=
ac_cv_env_LIBS_set=
ac_cv_env_LIBS_value=
ac_cv_env_PANGO_CFLAGS_set=
ac_cv_env_PANGO_CFLAGS_value=
ac_cv_env_PANGO_LIBS_set=
ac_cv_env_PANGO_LIBS_value=
ac_cv_env_PKG_CONFIG_set=
ac_cv_env_PKG_CONFIG_value=
ac_cv_env_SDL_CFLAGS_set=
ac_cv_env_SDL_CFLAGS_value=
ac_cv_env_SDL_LIBS_set=
ac_cv_env_SDL_LIBS_value=
ac_cv_env_XMKMF_set=
ac_cv_env_XMKMF_value=
ac_cv_env_build_alias_set=
ac_cv_env_build_alias_value=
ac_cv_env_host_alias_set=
ac_cv_env_host_alias_value=
ac_cv_env_target_alias_set=
ac_cv_env_target_alias_value=
ac_cv_header_inttypes_h=yes
ac_cv_header_memory_h=yes
ac_cv_header_minix_config_h=no
ac_cv_header_stdc=yes
ac_cv_header_stdint_h=yes
ac_cv_header_stdlib_h=yes
ac_cv_header_string_h=yes
ac_cv_header_strings_h=yes
ac_cv_header_sys_stat_h=yes
ac_cv_header_sys_types_h=yes
ac_cv_header_unistd_h=yes
ac_cv_host=x86_64-unknown-linux-gnu
ac_cv_objext=o
ac_cv_path_EGREP='/usr/bin/grep -E'
ac_cv_path_GREP=/usr/bin/grep
ac_cv_path_INSTALL_INFO=/usr/bin/install-info
ac_cv_path_SED=/usr/bin/sed
ac_cv_path_ZIP=no
ac_cv_path_ac_pt_PKG_CONFIG=/usr/bin/pkg-config
ac_cv_path_install='/usr/bin/install -c'
ac_cv_path_mkdir=/usr/bin/mkdir
ac_cv_prog_AWK=gawk
ac_cv_prog_CPP='gcc -E'
ac_cv_prog_TIMEOUT='timeout 600s'
ac_cv_prog_ac_ct_CC=gcc
ac_cv_prog_cc_c89=
ac_cv_prog_cc_g=yes
ac_cv_prog_cc_warnings=no
ac_cv_prog_make_make_set=yes
ac_cv_safe_to_define___extensions__=yes
am_cv_CC_dependencies_compiler_type=gcc3
am_cv_OBJC_dependencies_compiler_type=gcc3

## ----------------- ##
## Output variables. ##
## ----------------- ##

ACLOCAL='${SHELL} /home/dylan/cs403/project6/smalltalk-3.2.5/build-aux/missing --run aclocal-1.11'
ALLOCA=''
ALL_PACKAGES=''
AMDEPBACKSLASH='\'
AMDEP_FALSE='#'
AMDEP_TRUE=''
AMTAR='$${TAR-tar}'
AR=''
AS=''
ATK_CFLAGS=''
ATK_LIBS=''
AUTOCONF='${SHELL} /home/dylan/cs403/project6/smalltalk-3.2.5/build-aux/missing --run autoconf'
AUTOHEADER='${SHELL} /home/dylan/cs403/project6/smalltalk-3.2.5/build-aux/missing --run autoheader'
AUTOM4TE=''
AUTOMAKE='${SHELL} /home/dylan/cs403/project6/smalltalk-3.2.5/build-aux/missing --run automake-1.11'
AWK='gawk'
BLOX_IMPLEMENTATION=''
BUILT_PACKAGES=''
CAIRO_CFLAGS=''
CAIRO_LIBS=''
CC='gcc'
CCDEPMODE='depmode=gcc3'
CFLAGS='-fno-pie -no-pie -Wall -Wno-format -Wdeclaration-after-statement -Wno-format -Wpointer-arith -Wno-pointer-sign -Wno-switch -Wwrite-strings -Wno-strict-aliasing -fno-gcse -fstrict-aliasing '
CPP='gcc -E'
CPPFLAGS=''
CYGPATH_W='echo'
DEFS=''
DEPDIR='.deps'
DLLTOOL=''
DSYMUTIL=''
DUMPBIN=''
ECHO_C=''
ECHO_N='-n'
ECHO_T=''
EGREP='/usr/bin/grep -E'
EMACS=''
EMACSLOADPATH=''
ENABLE_DISASSEMBLER_FALSE=''
ENABLE_DISASSEMBLER_TRUE=''
EXEEXT=''
FGREP=''
GLIB_CFLAGS=''
GLIB_GENMARSHAL=''
GLIB_LIBS=''
GLIB_MKENUMS=''
GNUTLS_CFLAGS=''
GNUTLS_LIBS=''
GOBJECT_QUERY=''
GPERF=''
GREP='/usr/bin/grep'
GST_RUN=''
GTHREAD_CFLAGS=''
GTHREAD_LIBS=''
GTK_CFLAGS=''
GTK_LIBS=''
HAVE_COCOA_FALSE=''
HAVE_COCOA_TRUE=''
HAVE_INSTALLED_LIGHTNING_FALSE=''
HAVE_INSTALLED_LIGHTNING_TRUE=''
ICON=''
INCFFI=''
INCLTDL=''
INCSIGSEGV=''
INCSNPRINTFV=''
INCTCLTK=''
INSTALL_DATA='${INSTALL} -m 644'
INSTALL_INFO='/usr/bin/install-info'
INSTALL_PROGRAM='${INSTALL}'
INSTALL_SCRIPT='${INSTALL}'
INSTALL_STRIP_PROGRAM='$(install_sh) -c -s'
LD=''
LDFLAGS='-no-pie'
LEX=''
LIBADD_DL=''
LIBC_SO_DIR=''
LIBC_SO_NAME=''
LIBFFI=''
LIBFFI_CFLAGS=''
LIBFFI_EXECUTABLE_LDFLAGS=''
LIBFFI_LIBS=''
LIBGLUT=''
LIBGMP=''
LIBGST_CFLAGS=''
LIBICONV=''
LIBLTDL=''
LIBOBJS=''
LIBOPENGL=''
LIBREADLINE=''
LIBS=''
LIBSIGSEGV=''
LIBSNPRINTFV=''
LIBTCLTK=''
LIBTHREAD=''
LIBTOOL=''
LIGHTNING_MAIN_FALSE=''
LIGHTNING_MAIN_TRUE=''
LIPO=''
LN='ln'
LN_S='ln -s'
LTALLOCA=''
LTLIBICONV=''
LTLIBOBJS=''
MAINTAINER='bonzini@gnu.org'
MAKEINFO='${SHELL} /home/dylan/cs403/project6/smalltalk-3.2.5/build-aux/missing --run makeinfo'
MANIFEST_TOOL=''
MKDIR_P='/usr/bin/mkdir -p'
MODULES=''
NEED_LIBC_LA_FALSE=''
NEED_LIBC_LA_TRUE=''
NM=''
NMEDIT=''
OBJC='gcc'
OBJCDEPMODE='depmode=gcc3'
OBJCFLAGS='-fno-pie -no-pie -Wall -Wno-format -Wdeclaration-after-statement -Wno-format -Wpointer-arith -Wno-pointer-sign -Wno-switch -Wwrite-strings -Wno-strict-aliasing -fno-gcse -fstrict-aliasing '
OBJDUMP=''
OBJEXT='o'
OTOOL64=''
OTOOL=''
PACKAGE='smalltalk'
PACKAGE_BUGREPORT='help-smalltalk@gnu.org'
PACKAGE_DLOPEN_FLAGS=''
PACKAGE_NAME='GNU Smalltalk'
PACKAGE_STRING='GNU Smalltalk 3.2.5'
PACKAGE_TARNAME='smalltalk'
PACKAGE_URL='http://smalltalk.gnu.org/'
PACKAGE_VERSION='3.2.5'
PANGO_CFLAGS=''
PANGO_LIBS=''
PATH_SEPARATOR=':'
PKG_CONFIG='/usr/bin/pkg-config'
RANLIB=''
RELOCATABLE=''
RELOC_CPPFLAGS=''
RELOC_LDFLAGS=''
SDL_CFLAGS=''
SDL_LIBS=''
SED='/usr/bin/sed'
SET_MAKE=''
SHELL='/bin/bash'
SOCKET_LIBS=''
STRIP=''
SYNC_CFLAGS=''
TCLSH=''
TIMEOUT='timeout 600s'
VERSION='3.2.5'
VERSION_INFO='8:3:1'
WINDRES='no'
WINEWRAPPER=''
WINEWRAPPERDEP=''
WITH_EMACS_COMINT_FALSE=''
WITH_EMACS_COMINT_TRUE=''
WITH_EMACS_FALSE=''
WITH_EMACS_TRUE=''
XMKMF=''
XZIP=''
X_CFLAGS=''
X_EXTRA_LIBS=''
X_LIBS=''
X_PRE_LIBS=''
YACC=''
ZIP='no'
ac_ct_AR=''
ac_ct_CC='gcc'
ac_ct_DUMPBIN=''
am__EXEEXT_FALSE=''
am__EXEEXT_TRUE=''
am__fastdepCC_FALSE='#'
am__fastdepCC_TRUE=''
am__fastdepOBJC_FALSE='#'
am__fastdepOBJC_TRUE=''
am__include='include'
am__isrc=''
am__leading_dot='.'
am__nodep='_no'
am__quote=''
am__tar='$${TAR-tar} chof - "$$tardir"'
am__untar='$${TAR-tar} xf -'
bindir='${exec_prefix}/bin'
build='x86_64-unknown-linux-gnu'
build_alias=''
build_cpu='x86_64'
build_os='linux-gnu'
build_vendor='unknown'
datadir='${datarootdir}'
datarootdir='${prefix}/share'
docdir='${datarootdir}/doc/${PACKAGE_TARNAME}'
dvidir='${docdir}'
enable_mysql_tests=''
exec_prefix='NONE'
host='x86_64-unknown-linux-gnu'
host_alias=''
host_cpu='x86_64'
host_os='linux-gnu'
host_vendor='unknown'
htmldir='${docdir}'
imagedir=''
includedir='${prefix}/include'
infodir='${datarootdir}/info'
install_sh='${SHELL} /home/dylan/cs403/project6/smalltalk-3.2.5/build-aux/install-sh'
libdir='${exec_prefix}/lib'
libexecdir='${exec_prefix}/libexec'
lispdir=''
lispstartdir=''
localedir='${datarootdir}/locale'
localstatedir='${prefix}/var'
mandir='${datarootdir}/man'
mkdir_p='/usr/bin/mkdir -p'
moduledir=''
moduleexecdir=''
oldincludedir='/usr/include'
pdfdir='${docdir}'
prefix='NONE'
program_transform_name='s,x,x,'
psdir='${docdir}'
sbindir='${exec_prefix}/sbin'
sharedstatedir='${prefix}/com'
subdirs=''
sysconfdir='${prefix}/etc'
target_alias=''

## ------------------- ##
## File substitutions. ##
## ------------------- ##

PACKAGE_RULES=''
lightning_frag=''

## ----------- ##
## confdefs.h. ##
## ----------- ##

/* confdefs.h */
#define PACKAGE_NAME "GNU Smalltalk"
#define PACKAGE_TARNAME "smalltalk"
#define PACKAGE_VERSION "3.2.5"
#define PACKAGE_STRING "GNU Smalltalk 3.2.5"
#define PACKAGE_BUGREPORT "help-smalltalk@gnu.org"
#define PACKAGE_URL "http://smalltalk.gnu.org/"
#define ST_MAJOR_VERSION 3
#define ST_MINOR_VERSION 2
#define ST_EDIT_VERSION 5
#define MAINTAINER "bonzini@gnu.org"
#define PACKAGE "smalltalk"
#define VERSION "3.2.5"
#define PACKAGE_GIT_REVISION ""
#define STDC_HEADERS 1
#define HAVE_SYS_TYPES_H 1
#define HAVE_SYS_STAT_H 1
#define HAVE_STDLIB_H 1
#define HAVE_STRING_H 1
#define HAVE_MEMORY_H 1
#define HAVE_STRINGS_H 1
#define HAVE_INTTYPES_H 1
#define HAVE_STDINT_H 1
#define HAVE_UNISTD_H 1
#define __EXTENSIONS__ 1
#define _ALL_SOURCE 1
#define _GNU_SOURCE 1
#define _POSIX_PTHREAD_SEMANTICS 1
#define _TANDEM_SOURCE 1

configure: exit 1
